<?xml version="1.0" encoding="UTF-8"?>
<testng-results skipped="0" failed="0" total="1" passed="1">
  <reporter-output>
  </reporter-output>
  <suite name="Sample.PetClinicTest" duration-ms="208205" started-at="2016-09-09T10:48:17Z" finished-at="2016-09-09T10:51:45Z">
    <groups>
    </groups>
    <test name="Command line test" duration-ms="208205" started-at="2016-09-09T10:48:17Z" finished-at="2016-09-09T10:51:45Z">
      <class name="Sample.PetClinicTest">
        <test-method status="PASS" signature="beforeTest()[pri:0, instance:Sample.PetClinicTest@38082d64]" name="beforeTest" is-config="true" duration-ms="36085" started-at="2016-09-09T16:18:17Z" finished-at="2016-09-09T16:18:53Z">
          <reporter-output>
          </reporter-output>
        </test-method> <!-- beforeTest -->
        <test-method status="PASS" signature="testEasy()[pri:0, instance:Sample.PetClinicTest@38082d64]" name="testEasy" duration-ms="171389" started-at="2016-09-09T16:18:54Z" finished-at="2016-09-09T16:21:45Z">
          <reporter-output>
          </reporter-output>
        </test-method> <!-- testEasy -->
      </class> <!-- Sample.PetClinicTest -->
    </test> <!-- Command line test -->
  </suite> <!-- Sample.PetClinicTest -->
</testng-results>
