<?xml version="1.0" encoding="UTF-8" ?>
<testsuite tests="3" failures="1" name="Sample.PetClinicTest" time="1.151" errors="0" skipped="2">
  <properties>
[...]
</properties>
  <testcase classname="Sample.PetClinicTest" name="beforeTest" time="1.149">
    <failure message="Cannot find firefox binary in PATH. Make sure firefox is installed. OS appears to be: VISTA
Build info: version: &apos;2.53.1&apos;, revision: &apos;a36b8b1cd5757287168e54b817830adce9b0158d&apos;, time: &apos;2016-06-30 19:26:09&apos;
System info: host: &apos;DIN16001296&apos;, ip: &apos;169.254.246.123&apos;, os.name: &apos;Windows 7&apos;, os.arch: &apos;amd64&apos;, os.version: &apos;6.1&apos;, java.version: &apos;1.8.0_91&apos;
Driver info: driver.version: FirefoxDriver" type="org.openqa.selenium.WebDriverException">org.openqa.selenium.WebDriverException: Cannot find firefox binary in PATH. Make sure firefox is installed. OS appears to be: VISTA
Build info: version: &apos;2.53.1&apos;, revision: &apos;a36b8b1cd5757287168e54b817830adce9b0158d&apos;, time: &apos;2016-06-30 19:26:09&apos;
System info: host: &apos;DIN16001296&apos;, ip: &apos;169.254.246.123&apos;, os.name: &apos;Windows 7&apos;, os.arch: &apos;amd64&apos;, os.version: &apos;6.1&apos;, java.version: &apos;1.8.0_91&apos;
Driver info: driver.version: FirefoxDriver
	at org.openqa.selenium.firefox.internal.Executable.&lt;init&gt;(Executable.java:75)
	at org.openqa.selenium.firefox.FirefoxBinary.&lt;init&gt;(FirefoxBinary.java:60)
	at org.openqa.selenium.firefox.FirefoxBinary.&lt;init&gt;(FirefoxBinary.java:56)
	at org.openqa.selenium.firefox.FirefoxDriver.&lt;init&gt;(FirefoxDriver.java:120)
	at Sample.PetClinicTest.beforeTest(PetClinicTest.java:27)
</failure>
    <system-out>Configuring TestNG with: org.apache.maven.surefire.testng.conf.TestNG652Configurator@2c13da15
</system-out>
  </testcase>
  <testcase classname="Sample.PetClinicTest" name="testEasy" time="0">
    <skipped/>
  </testcase>
  <testcase classname="Sample.PetClinicTest" name="afterTest" time="0.002">
    <skipped/>
  </testcase>
</testsuite>